<?xml version="1.0" encoding="UTF-8"?>
<coverage generated="1748312536060" clover="3.2.0">
  <project timestamp="1748312536060" name="All files">
    <metrics statements="15" coveredstatements="14" conditionals="6" coveredconditionals="5" methods="3" coveredmethods="3" elements="24" coveredelements="22" complexity="0" loc="15" ncloc="15" packages="1" files="1" classes="1"/>
    <file name="api1.js" path="D:\OneDrive\Documents\Software Dev Level 5\Mission_2\mission-2-backend\api1.js">
      <metrics statements="15" coveredstatements="14" conditionals="6" coveredconditionals="5" methods="3" coveredmethods="3"/>
      <line num="4" count="7" type="stmt"/>
      <line num="5" count="7" type="stmt"/>
      <line num="6" count="7" type="cond" truecount="1" falsecount="1"/>
      <line num="7" count="0" type="stmt"/>
      <line num="9" count="7" type="cond" truecount="2" falsecount="0"/>
      <line num="10" count="4" type="stmt"/>
      <line num="13" count="7" type="stmt"/>
      <line num="14" count="182" type="stmt"/>
      <line num="20" count="7" type="stmt"/>
      <line num="23" count="28" type="cond" truecount="2" falsecount="0"/>
      <line num="27" count="7" type="stmt"/>
      <line num="29" count="7" type="stmt"/>
      <line num="35" count="7" type="stmt"/>
      <line num="39" count="1" type="stmt"/>
      <line num="41" count="1" type="stmt"/>
    </file>
  </project>
</coverage>
