{"D:\\OneDrive\\Documents\\Software Dev Level 5\\Mission_2\\mission-2-backend\\api1.js": {"path":"D:\\OneDrive\\Documents\\Software Dev Level 5\\Mission_2\\mission-2-backend\\api1.js","statementMap":{"0":{"start":{"line":4,"column":4},"end":{"line":4,"column":29}},"1":{"start":{"line":5,"column":5},"end":{"line":5,"column":23}},"2":{"start":{"line":6,"column":5},"end":{"line":8,"column":6}},"3":{"start":{"line":7,"column":8},"end":{"line":7,"column":41}},"4":{"start":{"line":9,"column":5},"end":{"line":11,"column":6}},"5":{"start":{"line":10,"column":8},"end":{"line":10,"column":40}},"6":{"start":{"line":13,"column":24},"end":{"line":15,"column":5}},"7":{"start":{"line":14,"column":43},"end":{"line":14,"column":79}},"8":{"start":{"line":20,"column":23},"end":{"line":23,"column":63}},"9":{"start":{"line":23,"column":29},"end":{"line":23,"column":59}},"10":{"start":{"line":27,"column":21},"end":{"line":27,"column":54}},"11":{"start":{"line":29,"column":24},"end":{"line":33,"column":5}},"12":{"start":{"line":35,"column":4},"end":{"line":35,"column":39}},"13":{"start":{"line":39,"column":0},"end":{"line":39,"column":20}},"14":{"start":{"line":41,"column":0},"end":{"line":41,"column":22}}},"fnMap":{"0":{"name":"api1","decl":{"start":{"line":3,"column":10},"end":{"line":3,"column":14}},"loc":{"start":{"line":3,"column":28},"end":{"line":37,"column":1}},"line":3},"1":{"name":"(anonymous_1)","decl":{"start":{"line":14,"column":33},"end":{"line":14,"column":34}},"loc":{"start":{"line":14,"column":43},"end":{"line":14,"column":79}},"line":14},"2":{"name":"(anonymous_2)","decl":{"start":{"line":23,"column":14},"end":{"line":23,"column":15}},"loc":{"start":{"line":23,"column":29},"end":{"line":23,"column":59}},"line":23}},"branchMap":{"0":{"loc":{"start":{"line":6,"column":5},"end":{"line":8,"column":6}},"type":"if","locations":[{"start":{"line":6,"column":5},"end":{"line":8,"column":6}},{"start":{},"end":{}}],"line":6},"1":{"loc":{"start":{"line":9,"column":5},"end":{"line":11,"column":6}},"type":"if","locations":[{"start":{"line":9,"column":5},"end":{"line":11,"column":6}},{"start":{},"end":{}}],"line":9},"2":{"loc":{"start":{"line":23,"column":36},"end":{"line":23,"column":58}},"type":"binary-expr","locations":[{"start":{"line":23,"column":36},"end":{"line":23,"column":53}},{"start":{"line":23,"column":57},"end":{"line":23,"column":58}}],"line":23}},"s":{"0":7,"1":7,"2":7,"3":0,"4":7,"5":4,"6":7,"7":182,"8":7,"9":28,"10":7,"11":7,"12":7,"13":1,"14":1},"f":{"0":7,"1":182,"2":28},"b":{"0":[0,7],"1":[4,3],"2":[28,4]},"_coverageSchema":"1a1c01bbd47fc00a2c39e90264f33305004495a9","hash":"90a172f9d3eef932796bb1d2f493841cb91f36e5"}
}
