{"C:\\Mission Ready 2025\\LEVEL 5\\Missions\\Mission2\\code\\mission2-back-end\\api4.js": {"path":"C:\\Mission Ready 2025\\LEVEL 5\\Missions\\Mission2\\code\\mission2-back-end\\api4.js","statementMap":{"0":{"start":{"line":4,"column":13},"end":{"line":64,"column":1}},"1":{"start":{"line":5,"column":29},"end":{"line":9,"column":9}},"2":{"start":{"line":10,"column":4},"end":{"line":62,"column":5}},"3":{"start":{"line":12,"column":8},"end":{"line":16,"column":9}},"4":{"start":{"line":13,"column":12},"end":{"line":13,"column":47}},"5":{"start":{"line":14,"column":12},"end":{"line":14,"column":272}},"6":{"start":{"line":15,"column":12},"end":{"line":15,"column":38}},"7":{"start":{"line":18,"column":8},"end":{"line":22,"column":9}},"8":{"start":{"line":19,"column":12},"end":{"line":19,"column":47}},"9":{"start":{"line":20,"column":12},"end":{"line":20,"column":272}},"10":{"start":{"line":21,"column":12},"end":{"line":21,"column":38}},"11":{"start":{"line":25,"column":8},"end":{"line":30,"column":9}},"12":{"start":{"line":27,"column":12},"end":{"line":27,"column":47}},"13":{"start":{"line":28,"column":12},"end":{"line":28,"column":157}},"14":{"start":{"line":29,"column":12},"end":{"line":29,"column":37}},"15":{"start":{"line":33,"column":8},"end":{"line":37,"column":9}},"16":{"start":{"line":34,"column":11},"end":{"line":34,"column":46}},"17":{"start":{"line":35,"column":12},"end":{"line":35,"column":272}},"18":{"start":{"line":36,"column":12},"end":{"line":36,"column":37}},"19":{"start":{"line":40,"column":8},"end":{"line":42,"column":9}},"20":{"start":{"line":41,"column":12},"end":{"line":41,"column":45}},"21":{"start":{"line":43,"column":8},"end":{"line":45,"column":9}},"22":{"start":{"line":44,"column":12},"end":{"line":44,"column":44}},"23":{"start":{"line":46,"column":8},"end":{"line":48,"column":9}},"24":{"start":{"line":47,"column":12},"end":{"line":47,"column":44}},"25":{"start":{"line":49,"column":8},"end":{"line":51,"column":9}},"26":{"start":{"line":50,"column":12},"end":{"line":50,"column":43}},"27":{"start":{"line":52,"column":8},"end":{"line":52,"column":33}},"28":{"start":{"line":57,"column":8},"end":{"line":57,"column":76}},"29":{"start":{"line":58,"column":8},"end":{"line":58,"column":43}},"30":{"start":{"line":59,"column":8},"end":{"line":59,"column":40}},"31":{"start":{"line":60,"column":8},"end":{"line":60,"column":81}},"32":{"start":{"line":61,"column":8},"end":{"line":61,"column":33}},"33":{"start":{"line":66,"column":0},"end":{"line":66,"column":22}}},"fnMap":{"0":{"name":"(anonymous_0)","decl":{"start":{"line":4,"column":13},"end":{"line":4,"column":14}},"loc":{"start":{"line":4,"column":34},"end":{"line":64,"column":1}},"line":4}},"branchMap":{"0":{"loc":{"start":{"line":12,"column":8},"end":{"line":16,"column":9}},"type":"if","locations":[{"start":{"line":12,"column":8},"end":{"line":16,"column":9}},{"start":{},"end":{}}],"line":12},"1":{"loc":{"start":{"line":12,"column":12},"end":{"line":12,"column":59}},"type":"binary-expr","locations":[{"start":{"line":12,"column":12},"end":{"line":12,"column":35}},{"start":{"line":12,"column":39},"end":{"line":12,"column":49}},{"start":{"line":12,"column":53},"end":{"line":12,"column":59}}],"line":12},"2":{"loc":{"start":{"line":18,"column":8},"end":{"line":22,"column":9}},"type":"if","locations":[{"start":{"line":18,"column":8},"end":{"line":22,"column":9}},{"start":{},"end":{}}],"line":18},"3":{"loc":{"start":{"line":18,"column":12},"end":{"line":18,"column":80}},"type":"binary-expr","locations":[{"start":{"line":18,"column":12},"end":{"line":18,"column":42}},{"start":{"line":18,"column":46},"end":{"line":18,"column":63}},{"start":{"line":18,"column":67},"end":{"line":18,"column":80}}],"line":18},"4":{"loc":{"start":{"line":25,"column":8},"end":{"line":30,"column":9}},"type":"if","locations":[{"start":{"line":25,"column":8},"end":{"line":30,"column":9}},{"start":{},"end":{}}],"line":25},"5":{"loc":{"start":{"line":25,"column":12},"end":{"line":26,"column":41}},"type":"binary-expr","locations":[{"start":{"line":25,"column":13},"end":{"line":25,"column":21}},{"start":{"line":25,"column":25},"end":{"line":25,"column":39}},{"start":{"line":26,"column":13},"end":{"line":26,"column":21}},{"start":{"line":26,"column":25},"end":{"line":26,"column":40}}],"line":25},"6":{"loc":{"start":{"line":33,"column":8},"end":{"line":37,"column":9}},"type":"if","locations":[{"start":{"line":33,"column":8},"end":{"line":37,"column":9}},{"start":{},"end":{}}],"line":33},"7":{"loc":{"start":{"line":33,"column":12},"end":{"line":33,"column":40}},"type":"binary-expr","locations":[{"start":{"line":33,"column":12},"end":{"line":33,"column":21}},{"start":{"line":33,"column":25},"end":{"line":33,"column":40}}],"line":33},"8":{"loc":{"start":{"line":40,"column":8},"end":{"line":42,"column":9}},"type":"if","locations":[{"start":{"line":40,"column":8},"end":{"line":42,"column":9}},{"start":{},"end":{}}],"line":40},"9":{"loc":{"start":{"line":43,"column":8},"end":{"line":45,"column":9}},"type":"if","locations":[{"start":{"line":43,"column":8},"end":{"line":45,"column":9}},{"start":{},"end":{}}],"line":43},"10":{"loc":{"start":{"line":46,"column":8},"end":{"line":48,"column":9}},"type":"if","locations":[{"start":{"line":46,"column":8},"end":{"line":48,"column":9}},{"start":{},"end":{}}],"line":46},"11":{"loc":{"start":{"line":49,"column":8},"end":{"line":51,"column":9}},"type":"if","locations":[{"start":{"line":49,"column":8},"end":{"line":51,"column":9}},{"start":{},"end":{}}],"line":49}},"s":{"0":1,"1":12,"2":12,"3":12,"4":3,"5":3,"6":3,"7":9,"8":0,"9":0,"10":0,"11":9,"12":2,"13":2,"14":2,"15":7,"16":0,"17":0,"18":0,"19":7,"20":5,"21":7,"22":3,"23":7,"24":3,"25":7,"26":2,"27":7,"28":0,"29":0,"30":0,"31":0,"32":0,"33":1},"f":{"0":12},"b":{"0":[3,9],"1":[12,9,9],"2":[0,9],"3":[9,9,9],"4":[2,7],"5":[9,1,8,4],"6":[0,7],"7":[7,7],"8":[5,2],"9":[3,4],"10":[3,4],"11":[2,5]},"_coverageSchema":"1a1c01bbd47fc00a2c39e90264f33305004495a9","hash":"5d64f7dbefa271dd04d4ccf9152cabfbf318e123"}
}
