TN:
SF:api4.js
FN:4,(anonymous_0)
FNF:1
FNH:1
FNDA:12,(anonymous_0)
DA:4,1
DA:5,12
DA:10,12
DA:12,12
DA:13,3
DA:14,3
DA:15,3
DA:18,9
DA:19,0
DA:20,0
DA:21,0
DA:25,9
DA:27,2
DA:28,2
DA:29,2
DA:33,7
DA:34,0
DA:35,0
DA:36,0
DA:40,7
DA:41,5
DA:43,7
DA:44,3
DA:46,7
DA:47,3
DA:49,7
DA:50,2
DA:52,7
DA:57,0
DA:58,0
DA:59,0
DA:60,0
DA:61,0
DA:66,1
LF:34
LH:23
BRDA:12,0,0,3
BRDA:12,0,1,9
BRDA:12,1,0,12
BRDA:12,1,1,9
BRDA:12,1,2,9
BRDA:18,2,0,0
BRDA:18,2,1,9
BRDA:18,3,0,9
BRDA:18,3,1,9
BRDA:18,3,2,9
BRDA:25,4,0,2
BRDA:25,4,1,7
BRDA:25,5,0,9
BRDA:25,5,1,1
BRDA:25,5,2,8
BRDA:25,5,3,4
BRDA:33,6,0,0
BRDA:33,6,1,7
BRDA:33,7,0,7
BRDA:33,7,1,7
BRDA:40,8,0,5
BRDA:40,8,1,2
BRDA:43,9,0,3
BRDA:43,9,1,4
BRDA:46,10,0,3
BRDA:46,10,1,4
BRDA:49,11,0,2
BRDA:49,11,1,5
BRF:28
BRH:26
end_of_record
