TN:
SF:api1.js
FN:3,api1
FN:14,(anonymous_1)
FN:23,(anonymous_2)
FNF:3
FNH:3
FNDA:7,api1
FNDA:182,(anonymous_1)
FNDA:28,(anonymous_2)
DA:4,7
DA:5,7
DA:6,7
DA:7,0
DA:9,7
DA:10,4
DA:13,7
DA:14,182
DA:20,7
DA:23,28
DA:27,7
DA:29,7
DA:35,7
DA:39,1
DA:41,1
LF:15
LH:14
BRDA:6,0,0,0
BRDA:6,0,1,7
BRDA:9,1,0,4
BRDA:9,1,1,3
BRDA:23,2,0,28
BRDA:23,2,1,4
BRF:6
BRH:5
end_of_record
TN:
SF:api4.js
FN:4,(anonymous_0)
FNF:1
FNH:1
FNDA:12,(anonymous_0)
DA:4,1
DA:5,12
DA:10,12
DA:12,12
DA:13,3
DA:14,3
DA:15,3
DA:18,9
DA:19,0
DA:20,0
DA:21,0
DA:25,9
DA:27,2
DA:28,2
DA:29,2
DA:33,7
DA:34,0
DA:35,0
DA:36,0
DA:40,7
DA:41,5
DA:43,7
DA:44,3
DA:46,7
DA:47,3
DA:49,7
DA:50,2
DA:52,7
DA:57,0
DA:58,0
DA:59,0
DA:60,0
DA:61,0
DA:66,1
LF:34
LH:23
BRDA:12,0,0,3
BRDA:12,0,1,9
BRDA:12,1,0,12
BRDA:12,1,1,9
BRDA:12,1,2,9
BRDA:18,2,0,0
BRDA:18,2,1,9
BRDA:18,3,0,9
BRDA:18,3,1,9
BRDA:18,3,2,9
BRDA:25,4,0,2
BRDA:25,4,1,7
BRDA:25,5,0,9
BRDA:25,5,1,1
BRDA:25,5,2,8
BRDA:25,5,3,4
BRDA:33,6,0,0
BRDA:33,6,1,7
BRDA:33,7,0,7
BRDA:33,7,1,7
BRDA:40,8,0,5
BRDA:40,8,1,2
BRDA:43,9,0,3
BRDA:43,9,1,4
BRDA:46,10,0,3
BRDA:46,10,1,4
BRDA:49,11,0,2
BRDA:49,11,1,5
BRF:28
BRH:26
end_of_record
TN:
SF:components\riskRating.js
FN:9,convertClaimHistoryToRiskRating
FNF:1
FNH:1
FNDA:5,convertClaimHistoryToRiskRating
DA:11,5
DA:14,5
DA:15,0
DA:19,5
DA:20,2
DA:24,3
DA:25,3
DA:28,3
DA:30,15
DA:32,15
DA:34,15
DA:35,6
DA:40,3
DA:44,1
LF:14
LH:13
BRDA:14,0,0,0
BRDA:14,0,1,5
BRDA:14,1,0,5
BRDA:14,1,1,5
BRDA:14,1,2,5
BRDA:19,2,0,2
BRDA:19,2,1,3
BRDA:19,3,0,5
BRDA:19,3,1,4
BRDA:34,4,0,6
BRDA:34,4,1,9
BRF:11
BRH:10
end_of_record
